\BOOKMARK [1][-]{section.1}{\376\377\000G\000e\000n\000e\000r\000a\000l\000i\000z\000a\000t\000i\000o\000n\000\040\000t\000o\000\040\000|\000a\000|\000\040\000=\0002}{}% 1
\BOOKMARK [2][-]{subsection.1.1}{\376\377\000N\000o\000t\000a\000t\000i\000o\000n\000s}{section.1}% 2
\BOOKMARK [2][-]{subsection.1.2}{\376\377\000S\000t\000r\000a\000t\000e\000g\000y}{section.1}% 3
\BOOKMARK [2][-]{subsection.1.3}{\376\377\000a\000\040\000=\000\040\0001}{section.1}% 4
\BOOKMARK [2][-]{subsection.1.4}{\376\377\000a\000\040\000=\000\040\0002}{section.1}% 5
\BOOKMARK [2][-]{subsection.1.5}{\376\377\000a\000\040\000=\000\040\000-\0002\000,\0003\000,\000\040\0004\000,\000\040\0005}{section.1}% 6
\BOOKMARK [1][-]{section.2}{\376\377\000C\000o\000m\000p\000l\000e\000t\000e\000\040\000P\000r\000o\000o\000f}{}% 7
\BOOKMARK [1][-]{section.3}{\376\377\000G\000e\000n\000e\000r\000a\000l\000i\000z\000a\000t\000i\000o\000n\000\040\000t\000o\000\040\000o\000d\000d\000\040\000k}{}% 8
\BOOKMARK [2][-]{subsection.3.1}{\376\377\000\050\000a\000\051}{section.3}% 9
\BOOKMARK [2][-]{subsection.3.2}{\376\377\000\050\000b\000\051}{section.3}% 10
\BOOKMARK [1][-]{section.4}{\376\377\000A\000\040\000s\000h\000o\000r\000t\000\040\000p\000r\000o\000o\000f\000\040\000t\000h\000a\000t\000\040\000Q\000[\000\040\000x\000\040\000]\000\040\000/\000\040\000\050\000\040\000f\000n\000\040\000\051\000\040\000h\000a\000s\000\040\000n\000o\000\040\000t\000o\000t\000a\000l\000l\000y\000\040\000r\000e\000a\000l\000\040\000s\000u\000b\000f\000i\000e\000l\000d\000s}{}% 11
\BOOKMARK [2][-]{subsection.4.1}{\376\377\000G\000e\000n\000e\000r\000a\000l\000i\000z\000a\000t\000i\000o\000n\000\040\000t\000o\000\040\000t\000h\000e\000\040\000f\000i\000n\000i\000t\000e\000\040\000c\000a\000s\000e}{section.4}% 12
\BOOKMARK [2][-]{subsection.4.2}{\376\377\000S\000i\000d\000e\000\040\000R\000e\000m\000a\000r\000k\000s}{section.4}% 13
\BOOKMARK [1][-]{section.5}{\376\377\000B\000a\000c\000k\000g\000r\000o\000u\000n\000d}{}% 14
\BOOKMARK [1][-]{section.6}{\376\377\000R\000e\000d\000u\000c\000t\000i\000o\000n\000\040\000t\000o\000\040\000a\000\040\0002\000-\000a\000d\000i\000c\000\040\000Q\000u\000e\000s\000t\000i\000o\000n}{}% 15
\BOOKMARK [1][-]{section.7}{\376\377\000R\000a\000n\000d\000o\000m\000\040\000F\000a\000c\000t\000s}{}% 16
\BOOKMARK [2][-]{subsection.7.1}{\376\377\000T\000h\000e\000\040\000P\000o\000l\000y\000n\000o\000m\000i\000a\000l\000\040\000i\000s\000\040\000i\000r\000r\000e\000d\000u\000c\000i\000b\000l\000e}{section.7}% 17
\BOOKMARK [2][-]{subsection.7.2}{\376\377\000T\000h\000e\000\040\000A\000c\000t\000i\000o\000n\000\040\000o\000f\000\040\000t\000h\000e\000\040\000I\000n\000e\000r\000t\000i\000a\000\040\000G\000r\000o\000u\000p\000\040\000o\000n\000\040\000t\000h\000e\000\040\000R\000o\000o\000t\000s\000\040\000o\000f\000\040\000f\000n}{section.7}% 18
\BOOKMARK [2][-]{subsection.7.3}{\376\377\000T\000h\000e\000\040\000D\000i\000s\000c\000r\000i\000m\000i\000n\000a\000n\000t\000\040\000o\000f\000\040\000\040\000f\000n\000\040}{section.7}% 19
\BOOKMARK [2][-]{subsection.7.4}{\376\377\000R\000a\000m\000i\000f\000i\000c\000a\000t\000i\000o\000n\000\040\000a\000t\000\040\0002}{section.7}% 20
\BOOKMARK [1][-]{section.8}{\376\377\000R\000a\000n\000d\000o\000m\000\040\000C\000a\000l\000c\000u\000l\000a\000t\000i\000o\000n\000s}{}% 21
\BOOKMARK [2][-]{subsection.8.1}{\376\377\000T\000h\000e\000\040\000c\000a\000s\000e\000\040\000\050\000\040\000n\000\040\000=\000\040\0003\000\040\000\051}{section.8}% 22
\BOOKMARK [2][-]{subsection.8.2}{\376\377\000T\000h\000e\000\040\000c\000a\000s\000e\000\040\000\050\000\040\000n\000\040\000=\000\040\0005\000\040\000\051}{section.8}% 23
\BOOKMARK [2][-]{subsection.8.3}{\376\377\000T\000h\000e\000\040\000C\000a\000s\000e\000\040\000n\000\040\000=\000\040\0001\0000}{section.8}% 24
\BOOKMARK [2][-]{subsection.8.4}{\376\377\000T\000h\000e\000\040\000c\000a\000s\000e\000\040\000n\000\040\000=\000\040\0002\000p\000\040\000f\000o\000r\000\040\000p\000\040\000a\000n\000\040\000o\000d\000d\000\040\000p\000r\000i\000m\000e}{section.8}% 25
\BOOKMARK [2][-]{subsection.8.5}{\376\377\000T\000h\000e\000\040\000c\000a\000s\000e\000\040\000n\000\040\000=\000\040\0002\000d}{section.8}% 26
